<?xml version="1.0" encoding="UTF-8"?>
<testsuite xmlns:xsi="http://www.w3.org/2001/XMLSchema-instance" xsi:noNamespaceSchemaLocation="https://maven.apache.org/surefire/maven-surefire-plugin/xsd/surefire-test-report-3.0.xsd" version="3.0" name="com.mycompany.chatapp.ChatAppTest" time="0.123" tests="10" errors="0" skipped="0" failures="0">
  <properties>
[...]
</properties>
  <testcase name="testHashGenerationFormat" classname="com.mycompany.chatapp.ChatAppTest" time="0.042"/>
  <testcase name="testDisplayLongestMessage" classname="com.mycompany.chatapp.ChatAppTest" time="0.002"/>
  <testcase name="testSearchByMessageID" classname="com.mycompany.chatapp.ChatAppTest" time="0.002"/>
  <testcase name="testJSONFileStorage" classname="com.mycompany.chatapp.ChatAppTest" time="0.015"/>
  <testcase name="testSentMessagesArrayPopulated" classname="com.mycompany.chatapp.ChatAppTest" time="0.002"/>
  <testcase name="testMessageLimit" classname="com.mycompany.chatapp.ChatAppTest" time="0.003"/>
  <testcase name="testDeleteByHash" classname="com.mycompany.chatapp.ChatAppTest" time="0.003"/>
  <testcase name="testDisplayReport" classname="com.mycompany.chatapp.ChatAppTest" time="0.002"/>
  <testcase name="testPhoneNumberValidation" classname="com.mycompany.chatapp.ChatAppTest" time="0.004"/>
  <testcase name="testSearchByRecipient" classname="com.mycompany.chatapp.ChatAppTest" time="0.002"/>
</testsuite>